[debug] [2018-07-14T03:55:32.064Z] ----------------------------------------------------------------------
[debug] [2018-07-14T03:55:32.066Z] Command:       C:\Program Files\nodejs\node.exe C:\Users\kaito\AppData\Roaming\npm\node_modules\firebase-tools\bin\firebase serve --only hosting
[debug] [2018-07-14T03:55:32.066Z] CLI Version:   3.19.3
[debug] [2018-07-14T03:55:32.066Z] Platform:      win32
[debug] [2018-07-14T03:55:32.066Z] Node Version:  v8.11.3
[debug] [2018-07-14T03:55:32.067Z] Time:          Sat Jul 14 2018 12:55:32 GMT+0900 (東京 (標準時))
[debug] [2018-07-14T03:55:32.067Z] ----------------------------------------------------------------------
[debug] 
[debug] [2018-07-14T03:55:32.075Z] > command requires scopes: ["email","openid","https://www.googleapis.com/auth/cloudplatformprojects.readonly","https://www.googleapis.com/auth/firebase","https://www.googleapis.com/auth/cloud-platform"]
[debug] [2018-07-14T03:55:32.075Z] > authorizing via signed-in user
[debug] [2018-07-14T03:55:32.077Z] > refreshing access token with scopes: ["email","https://www.googleapis.com/auth/cloud-platform","https://www.googleapis.com/auth/cloudplatformprojects.readonly","https://www.googleapis.com/auth/firebase","openid"]
[debug] [2018-07-14T03:55:32.077Z] >>> HTTP REQUEST POST https://www.googleapis.com/oauth2/v3/token  
 { refresh_token: '1/jDuLaYo-v0aAB7OUENAwA-yrzTIzd5GcZX3ILcPLfH4',
  client_id: '563584335869-fgrhgmd47bqnekij5i8b5pr03ho849e6.apps.googleusercontent.com',
  client_secret: 'j9iVZfS8kkCEFUPaAeJV0sAi',
  grant_type: 'refresh_token',
  scope: 'email https://www.googleapis.com/auth/cloud-platform https://www.googleapis.com/auth/cloudplatformprojects.readonly https://www.googleapis.com/auth/firebase openid' } 
 Sat Jul 14 2018 12:55:32 GMT+0900 (東京 (標準時))
[debug] [2018-07-14T03:55:32.336Z] <<< HTTP RESPONSE 200
[debug] [2018-07-14T03:55:32.343Z] >>> HTTP REQUEST GET https://admin.firebase.com/v1/projects/linerspace02  
  
 Sat Jul 14 2018 12:55:32 GMT+0900 (東京 (標準時))
[debug] [2018-07-14T03:55:33.124Z] <<< HTTP RESPONSE 200
[debug] [2018-07-14T03:55:33.125Z] >>> HTTP REQUEST GET https://admin.firebase.com/v1/database/linerspace02/tokens  
  
 Sat Jul 14 2018 12:55:33 GMT+0900 (東京 (標準時))
[debug] [2018-07-14T03:55:33.788Z] <<< HTTP RESPONSE 200
[debug] [2018-07-14T03:55:33.788Z] >>> HTTP REQUEST GET https://cloudresourcemanager.googleapis.com/v1/projects/linerspace02  
  
 Sat Jul 14 2018 12:55:33 GMT+0900 (東京 (標準時))
[debug] [2018-07-14T03:55:34.716Z] <<< HTTP RESPONSE 200
[info] 
[info] === Serving from 'C:\users\kaito\firebase\friendlychat-web\web-start'...
[info] 
[debug] [2018-07-14T03:55:34.723Z] >>> HTTP REQUEST GET https://mobilesdk-pa.googleapis.com/v1/projects/421527399481/clients/_:getWebAppConfig  
  
 Sat Jul 14 2018 12:55:34 GMT+0900 (東京 (標準時))
[debug] [2018-07-14T03:55:35.469Z] <<< HTTP RESPONSE 200
[info] i  hosting: Serving hosting files from: ./
[info] +  hosting: Local server: http://localhost:5000

